<?xml version="1.0" encoding="UTF-8"?>
<!-- Generated by org.testng.reporters.JUnitReportReporter -->
<testsuite hostname="LAPTOP-CED8IJSV" name="org.maven_examplepractice.practice.PracticeMavenTest" tests="3" failures="0" timestamp="19 Jul 2022 09:20:43 GMT" time="0.002" errors="0">
  <testcase name="practiceMavenTest" time="0.001" classname="org.maven_examplepractice.practice.PracticeMavenTest"/>
  <testcase name="practiceMaven3Test" time="0.000" classname="org.maven_examplepractice.practice.PracticeMavenTest"/>
  <testcase name="practiceMaven2Test" time="0.001" classname="org.maven_examplepractice.practice.PracticeMavenTest"/>
</testsuite> <!-- org.maven_examplepractice.practice.PracticeMavenTest -->
