<?xml version="1.0" encoding="UTF-8"?>
<!-- Generated by org.testng.reporters.JUnitReportReporter -->
<testsuite hostname="LAPTOP-CED8IJSV" failures="0" tests="3" name="org.maven_examplepractice.practice.PracticeMavenTest" time="0.000" errors="0" timestamp="20 Jul 2022 09:02:12 GMT">
  <testcase classname="org.maven_examplepractice.practice.PracticeMavenTest" name="practiceMaven2Test" time="0.000"/>
  <testcase classname="org.maven_examplepractice.practice.PracticeMavenTest" name="practiceMaven3Test" time="0.000"/>
  <testcase classname="org.maven_examplepractice.practice.PracticeMavenTest" name="practiceMavenTest" time="0.000"/>
</testsuite> <!-- org.maven_examplepractice.practice.PracticeMavenTest -->
